[0.007s] Invoking command in '/home/evan/ros2realsense_ws/build/realsense2_description': AMENT_PREFIX_PATH=/home/evan/ros2realsense_ws/install/realsense2_camera_msgs:${AMENT_PREFIX_PATH} CMAKE_PREFIX_PATH=/home/evan/ros2realsense_ws/install/realsense2_camera_msgs:/opt/ros/foxy LD_LIBRARY_PATH=/home/evan/ros2realsense_ws/install/realsense2_camera_msgs/lib:${LD_LIBRARY_PATH} PYTHONPATH=/home/evan/ros2realsense_ws/install/realsense2_camera_msgs/lib/python3.8/site-packages:${PYTHONPATH} /usr/bin/cmake /home/evan/ros2realsense_ws/src/realsense-ros/realsense2_description -DCMAKE_INSTALL_PREFIX=/home/evan/ros2realsense_ws/install/realsense2_description
[0.035s] -- The C compiler identification is GNU 9.4.0
[0.063s] -- The CXX compiler identification is GNU 9.4.0
[0.066s] -- Check for working C compiler: /usr/bin/cc
[0.100s] -- Check for working C compiler: /usr/bin/cc -- works
[0.101s] -- Detecting C compiler ABI info
[0.140s] -- Detecting C compiler ABI info - done
[0.146s] -- Detecting C compile features
[0.146s] -- Detecting C compile features - done
[0.147s] -- Check for working CXX compiler: /usr/bin/c++
[0.192s] -- Check for working CXX compiler: /usr/bin/c++ -- works
[0.192s] -- Detecting CXX compiler ABI info
[0.235s] -- Detecting CXX compiler ABI info - done
[0.241s] -- Detecting CXX compile features
[0.241s] -- Detecting CXX compile features - done
[0.242s] -- Found ament_cmake: 0.9.12 (/opt/ros/foxy/share/ament_cmake/cmake)
[0.255s] -- Found PythonInterp: /usr/bin/python3 (found suitable version "3.8.10", minimum required is "3") 
[0.255s] -- Using PYTHON_EXECUTABLE: /usr/bin/python3
[0.381s] -- Configuring done
[0.382s] -- Generating done
[0.382s] -- Build files have been written to: /home/evan/ros2realsense_ws/build/realsense2_description
[0.384s] Invoked command in '/home/evan/ros2realsense_ws/build/realsense2_description' returned '0': AMENT_PREFIX_PATH=/home/evan/ros2realsense_ws/install/realsense2_camera_msgs:${AMENT_PREFIX_PATH} CMAKE_PREFIX_PATH=/home/evan/ros2realsense_ws/install/realsense2_camera_msgs:/opt/ros/foxy LD_LIBRARY_PATH=/home/evan/ros2realsense_ws/install/realsense2_camera_msgs/lib:${LD_LIBRARY_PATH} PYTHONPATH=/home/evan/ros2realsense_ws/install/realsense2_camera_msgs/lib/python3.8/site-packages:${PYTHONPATH} /usr/bin/cmake /home/evan/ros2realsense_ws/src/realsense-ros/realsense2_description -DCMAKE_INSTALL_PREFIX=/home/evan/ros2realsense_ws/install/realsense2_description
[0.386s] Invoking command in '/home/evan/ros2realsense_ws/build/realsense2_description': AMENT_PREFIX_PATH=/home/evan/ros2realsense_ws/install/realsense2_camera_msgs:${AMENT_PREFIX_PATH} CMAKE_PREFIX_PATH=/home/evan/ros2realsense_ws/install/realsense2_camera_msgs:/opt/ros/foxy LD_LIBRARY_PATH=/home/evan/ros2realsense_ws/install/realsense2_camera_msgs/lib:${LD_LIBRARY_PATH} PYTHONPATH=/home/evan/ros2realsense_ws/install/realsense2_camera_msgs/lib/python3.8/site-packages:${PYTHONPATH} /usr/bin/cmake --build /home/evan/ros2realsense_ws/build/realsense2_description -- -j24 -l24
[0.405s] Invoked command in '/home/evan/ros2realsense_ws/build/realsense2_description' returned '0': AMENT_PREFIX_PATH=/home/evan/ros2realsense_ws/install/realsense2_camera_msgs:${AMENT_PREFIX_PATH} CMAKE_PREFIX_PATH=/home/evan/ros2realsense_ws/install/realsense2_camera_msgs:/opt/ros/foxy LD_LIBRARY_PATH=/home/evan/ros2realsense_ws/install/realsense2_camera_msgs/lib:${LD_LIBRARY_PATH} PYTHONPATH=/home/evan/ros2realsense_ws/install/realsense2_camera_msgs/lib/python3.8/site-packages:${PYTHONPATH} /usr/bin/cmake --build /home/evan/ros2realsense_ws/build/realsense2_description -- -j24 -l24
[0.407s] Invoking command in '/home/evan/ros2realsense_ws/build/realsense2_description': AMENT_PREFIX_PATH=/home/evan/ros2realsense_ws/install/realsense2_camera_msgs:${AMENT_PREFIX_PATH} CMAKE_PREFIX_PATH=/home/evan/ros2realsense_ws/install/realsense2_camera_msgs:/opt/ros/foxy LD_LIBRARY_PATH=/home/evan/ros2realsense_ws/install/realsense2_camera_msgs/lib:${LD_LIBRARY_PATH} PYTHONPATH=/home/evan/ros2realsense_ws/install/realsense2_camera_msgs/lib/python3.8/site-packages:${PYTHONPATH} /usr/bin/cmake --install /home/evan/ros2realsense_ws/build/realsense2_description
[0.411s] -- Install configuration: ""
[0.411s] -- Installing: /home/evan/ros2realsense_ws/install/realsense2_description/share/realsense2_description/launch
[0.411s] -- Installing: /home/evan/ros2realsense_ws/install/realsense2_description/share/realsense2_description/launch/launch_utils.py
[0.411s] -- Installing: /home/evan/ros2realsense_ws/install/realsense2_description/share/realsense2_description/launch/view_model.launch.py
[0.411s] -- Installing: /home/evan/ros2realsense_ws/install/realsense2_description/share/realsense2_description/meshes
[0.411s] -- Installing: /home/evan/ros2realsense_ws/install/realsense2_description/share/realsense2_description/meshes/plug.stl
[0.411s] -- Installing: /home/evan/ros2realsense_ws/install/realsense2_description/share/realsense2_description/meshes/plug_collision.stl
[0.412s] -- Installing: /home/evan/ros2realsense_ws/install/realsense2_description/share/realsense2_description/meshes/d415.stl
[0.421s] -- Installing: /home/evan/ros2realsense_ws/install/realsense2_description/share/realsense2_description/meshes/d405.stl
[0.421s] -- Installing: /home/evan/ros2realsense_ws/install/realsense2_description/share/realsense2_description/meshes/d435.dae
[0.428s] -- Installing: /home/evan/ros2realsense_ws/install/realsense2_description/share/realsense2_description/meshes/d455.stl
[0.429s] -- Installing: /home/evan/ros2realsense_ws/install/realsense2_description/share/realsense2_description/meshes/l515.dae
[0.445s] -- Installing: /home/evan/ros2realsense_ws/install/realsense2_description/share/realsense2_description/rviz
[0.445s] -- Installing: /home/evan/ros2realsense_ws/install/realsense2_description/share/realsense2_description/rviz/urdf.rviz
[0.445s] -- Installing: /home/evan/ros2realsense_ws/install/realsense2_description/share/realsense2_description/urdf
[0.445s] -- Installing: /home/evan/ros2realsense_ws/install/realsense2_description/share/realsense2_description/urdf/_materials.urdf.xacro
[0.445s] -- Installing: /home/evan/ros2realsense_ws/install/realsense2_description/share/realsense2_description/urdf/_d455.urdf.xacro
[0.445s] -- Installing: /home/evan/ros2realsense_ws/install/realsense2_description/share/realsense2_description/urdf/test_d435i_camera.urdf.xacro
[0.445s] -- Installing: /home/evan/ros2realsense_ws/install/realsense2_description/share/realsense2_description/urdf/_d435.urdf.xacro
[0.445s] -- Installing: /home/evan/ros2realsense_ws/install/realsense2_description/share/realsense2_description/urdf/test_d405_camera.urdf.xacro
[0.446s] -- Installing: /home/evan/ros2realsense_ws/install/realsense2_description/share/realsense2_description/urdf/test_r410_camera.urdf.xacro
[0.446s] -- Installing: /home/evan/ros2realsense_ws/install/realsense2_description/share/realsense2_description/urdf/test_d455_camera.urdf.xacro
[0.446s] -- Installing: /home/evan/ros2realsense_ws/install/realsense2_description/share/realsense2_description/urdf/_usb_plug.urdf.xacro
[0.446s] -- Installing: /home/evan/ros2realsense_ws/install/realsense2_description/share/realsense2_description/urdf/test_d435_multiple_cameras.urdf.xacro
[0.446s] -- Installing: /home/evan/ros2realsense_ws/install/realsense2_description/share/realsense2_description/urdf/test_d415_camera.urdf.xacro
[0.446s] -- Installing: /home/evan/ros2realsense_ws/install/realsense2_description/share/realsense2_description/urdf/_r430.urdf.xacro
[0.446s] -- Installing: /home/evan/ros2realsense_ws/install/realsense2_description/share/realsense2_description/urdf/_d435i.urdf.xacro
[0.446s] -- Installing: /home/evan/ros2realsense_ws/install/realsense2_description/share/realsense2_description/urdf/_r410.urdf.xacro
[0.446s] -- Installing: /home/evan/ros2realsense_ws/install/realsense2_description/share/realsense2_description/urdf/test_d435_camera.urdf.xacro
[0.446s] -- Installing: /home/evan/ros2realsense_ws/install/realsense2_description/share/realsense2_description/urdf/_d405.urdf.xacro
[0.446s] -- Installing: /home/evan/ros2realsense_ws/install/realsense2_description/share/realsense2_description/urdf/_d415.urdf.xacro
[0.447s] -- Installing: /home/evan/ros2realsense_ws/install/realsense2_description/share/realsense2_description/urdf/test_r430_camera.urdf.xacro
[0.447s] -- Installing: /home/evan/ros2realsense_ws/install/realsense2_description/share/realsense2_description/urdf/_d435i_imu_modules.urdf.xacro
[0.447s] -- Installing: /home/evan/ros2realsense_ws/install/realsense2_description/share/ament_index/resource_index/package_run_dependencies/realsense2_description
[0.448s] -- Installing: /home/evan/ros2realsense_ws/install/realsense2_description/share/ament_index/resource_index/parent_prefix_path/realsense2_description
[0.448s] -- Installing: /home/evan/ros2realsense_ws/install/realsense2_description/share/realsense2_description/environment/ament_prefix_path.sh
[0.448s] -- Installing: /home/evan/ros2realsense_ws/install/realsense2_description/share/realsense2_description/environment/ament_prefix_path.dsv
[0.448s] -- Installing: /home/evan/ros2realsense_ws/install/realsense2_description/share/realsense2_description/environment/path.sh
[0.448s] -- Installing: /home/evan/ros2realsense_ws/install/realsense2_description/share/realsense2_description/environment/path.dsv
[0.448s] -- Installing: /home/evan/ros2realsense_ws/install/realsense2_description/share/realsense2_description/local_setup.bash
[0.448s] -- Installing: /home/evan/ros2realsense_ws/install/realsense2_description/share/realsense2_description/local_setup.sh
[0.448s] -- Installing: /home/evan/ros2realsense_ws/install/realsense2_description/share/realsense2_description/local_setup.zsh
[0.448s] -- Installing: /home/evan/ros2realsense_ws/install/realsense2_description/share/realsense2_description/local_setup.dsv
[0.448s] -- Installing: /home/evan/ros2realsense_ws/install/realsense2_description/share/realsense2_description/package.dsv
[0.449s] -- Installing: /home/evan/ros2realsense_ws/install/realsense2_description/share/ament_index/resource_index/packages/realsense2_description
[0.449s] -- Installing: /home/evan/ros2realsense_ws/install/realsense2_description/share/realsense2_description/cmake/realsense2_descriptionConfig.cmake
[0.449s] -- Installing: /home/evan/ros2realsense_ws/install/realsense2_description/share/realsense2_description/cmake/realsense2_descriptionConfig-version.cmake
[0.449s] -- Installing: /home/evan/ros2realsense_ws/install/realsense2_description/share/realsense2_description/package.xml
[0.450s] Invoked command in '/home/evan/ros2realsense_ws/build/realsense2_description' returned '0': AMENT_PREFIX_PATH=/home/evan/ros2realsense_ws/install/realsense2_camera_msgs:${AMENT_PREFIX_PATH} CMAKE_PREFIX_PATH=/home/evan/ros2realsense_ws/install/realsense2_camera_msgs:/opt/ros/foxy LD_LIBRARY_PATH=/home/evan/ros2realsense_ws/install/realsense2_camera_msgs/lib:${LD_LIBRARY_PATH} PYTHONPATH=/home/evan/ros2realsense_ws/install/realsense2_camera_msgs/lib/python3.8/site-packages:${PYTHONPATH} /usr/bin/cmake --install /home/evan/ros2realsense_ws/build/realsense2_description
