[0.006s] Invoking command in '/home/evan/ros2realsense_ws/build/realsense2_camera': AMENT_PREFIX_PATH=/home/evan/ros2realsense_ws/install/realsense2_camera_msgs:${AMENT_PREFIX_PATH} CMAKE_PREFIX_PATH=/home/evan/ros2realsense_ws/install/realsense2_camera_msgs:/opt/ros/foxy LD_LIBRARY_PATH=/home/evan/ros2realsense_ws/install/realsense2_camera_msgs/lib:${LD_LIBRARY_PATH} PYTHONPATH=/home/evan/ros2realsense_ws/install/realsense2_camera_msgs/lib/python3.8/site-packages:${PYTHONPATH} /usr/bin/cmake /home/evan/ros2realsense_ws/src/realsense-ros/realsense2_camera -DCMAKE_INSTALL_PREFIX=/home/evan/ros2realsense_ws/install/realsense2_camera
[0.036s] -- The C compiler identification is GNU 9.4.0
[0.064s] -- The CXX compiler identification is GNU 9.4.0
[0.067s] -- Check for working C compiler: /usr/bin/cc
[0.103s] -- Check for working C compiler: /usr/bin/cc -- works
[0.103s] -- Detecting C compiler ABI info
[0.143s] -- Detecting C compiler ABI info - done
[0.148s] -- Detecting C compile features
[0.148s] -- Detecting C compile features - done
[0.150s] -- Check for working CXX compiler: /usr/bin/c++
[0.194s] -- Check for working CXX compiler: /usr/bin/c++ -- works
[0.194s] -- Detecting CXX compiler ABI info
[0.237s] -- Detecting CXX compiler ABI info - done
[0.248s] -- Detecting CXX compile features
[0.248s] -- Detecting CXX compile features - done
[0.249s] -- Create Release Build.
[0.250s] -- Found ament_cmake: 0.9.12 (/opt/ros/foxy/share/ament_cmake/cmake)
[0.265s] -- Found PythonInterp: /usr/bin/python3 (found suitable version "3.8.10", minimum required is "3") 
[0.265s] -- Using PYTHON_EXECUTABLE: /usr/bin/python3
[0.369s] -- Found builtin_interfaces: 1.0.0 (/opt/ros/foxy/share/builtin_interfaces/cmake)
[0.393s] -- Using all available rosidl_typesupport_c: rosidl_typesupport_fastrtps_c;rosidl_typesupport_introspection_c
[0.399s] -- Found rosidl_adapter: 1.3.1 (/opt/ros/foxy/share/rosidl_adapter/cmake)
[0.455s] -- Found OpenSSL: /usr/lib/x86_64-linux-gnu/libcrypto.so (found version "1.1.1f")  
[0.481s] -- Found FastRTPS: /opt/ros/foxy/include  
[0.551s] -- Using all available rosidl_typesupport_cpp: rosidl_typesupport_fastrtps_cpp;rosidl_typesupport_introspection_cpp
[0.581s] -- Found cv_bridge: 3.0.7 (/opt/ros/foxy/share/cv_bridge/cmake)
[0.754s] -- Found image_transport: 2.4.0 (/opt/ros/foxy/share/image_transport/cmake)
[0.812s] -- Found rmw_implementation_cmake: 1.0.4 (/opt/ros/foxy/share/rmw_implementation_cmake/cmake)
[0.814s] -- Using RMW implementation 'rmw_fastrtps_cpp' as default
[0.816s] -- Looking for pthread.h
[0.866s] -- Looking for pthread.h - found
[0.866s] -- Performing Test CMAKE_HAVE_LIBC_PTHREAD
[0.938s] -- Performing Test CMAKE_HAVE_LIBC_PTHREAD - Failed
[0.938s] -- Looking for pthread_create in pthreads
[1.000s] -- Looking for pthread_create in pthreads - not found
[1.000s] -- Looking for pthread_create in pthread
[1.081s] -- Looking for pthread_create in pthread - found
[1.083s] -- Found Threads: TRUE  
[1.287s] -- Found rclcpp_components: 2.4.3 (/opt/ros/foxy/share/rclcpp_components/cmake)
[1.340s] -- Found realsense2_camera_msgs: 4.55.1 (/home/evan/ros2realsense_ws/install/realsense2_camera_msgs/share/realsense2_camera_msgs/cmake)
[1.462s] -- Found nav_msgs: 2.0.5 (/opt/ros/foxy/share/nav_msgs/cmake)
[1.538s] -- Found tf2_ros: 0.13.14 (/opt/ros/foxy/share/tf2_ros/cmake)
[1.829s] -- Found diagnostic_updater: 3.1.2 (/opt/ros/foxy/share/diagnostic_updater/cmake)
[1.892s] -- Found OpenCV: /usr (found version "4.2.0") found components: core 
[1.896s] -- Build for ROS2 Foxy
[1.925s] -- Found ament_cmake_gtest: 0.9.12 (/opt/ros/foxy/share/ament_cmake_gtest/cmake)
[1.928s] -- Found gtest sources under '/opt/ros/foxy/src/gtest_vendor': C++ tests using 'Google Test' will be built
[1.931s] -- Check if compiler accepts -pthread
[1.983s] -- Check if compiler accepts -pthread - yes
[1.987s] -- Found ament_cmake_pytest: 0.9.12 (/opt/ros/foxy/share/ament_cmake_pytest/cmake)
[4.334s] -- rs_device_info:
[4.334s] -- No device detected. Is it plugged in?
[4.335s] 
[4.385s] -- Configuring done
[4.431s] -- Generating done
[4.450s] -- Build files have been written to: /home/evan/ros2realsense_ws/build/realsense2_camera
[4.461s] Invoked command in '/home/evan/ros2realsense_ws/build/realsense2_camera' returned '0': AMENT_PREFIX_PATH=/home/evan/ros2realsense_ws/install/realsense2_camera_msgs:${AMENT_PREFIX_PATH} CMAKE_PREFIX_PATH=/home/evan/ros2realsense_ws/install/realsense2_camera_msgs:/opt/ros/foxy LD_LIBRARY_PATH=/home/evan/ros2realsense_ws/install/realsense2_camera_msgs/lib:${LD_LIBRARY_PATH} PYTHONPATH=/home/evan/ros2realsense_ws/install/realsense2_camera_msgs/lib/python3.8/site-packages:${PYTHONPATH} /usr/bin/cmake /home/evan/ros2realsense_ws/src/realsense-ros/realsense2_camera -DCMAKE_INSTALL_PREFIX=/home/evan/ros2realsense_ws/install/realsense2_camera
[4.462s] Invoking command in '/home/evan/ros2realsense_ws/build/realsense2_camera': AMENT_PREFIX_PATH=/home/evan/ros2realsense_ws/install/realsense2_camera_msgs:${AMENT_PREFIX_PATH} CMAKE_PREFIX_PATH=/home/evan/ros2realsense_ws/install/realsense2_camera_msgs:/opt/ros/foxy LD_LIBRARY_PATH=/home/evan/ros2realsense_ws/install/realsense2_camera_msgs/lib:${LD_LIBRARY_PATH} PYTHONPATH=/home/evan/ros2realsense_ws/install/realsense2_camera_msgs/lib/python3.8/site-packages:${PYTHONPATH} /usr/bin/cmake --build /home/evan/ros2realsense_ws/build/realsense2_camera -- -j24 -l24
[4.488s] [35m[1mScanning dependencies of target realsense2_camera_node[0m
[4.488s] [35m[1mScanning dependencies of target gtest[0m
[4.488s] [35m[1mScanning dependencies of target gtest_main[0m
[4.488s] [35m[1mScanning dependencies of target realsense2_camera[0m
[4.503s] [  9%] [32mBuilding CXX object gtest/CMakeFiles/gtest.dir/src/gtest-all.cc.o[0m
[4.503s] [  9%] [32mBuilding CXX object gtest/CMakeFiles/gtest_main.dir/src/gtest_main.cc.o[0m
[4.538s] [ 13%] [32mBuilding CXX object CMakeFiles/realsense2_camera_node.dir/rclcpp_components/node_main_realsense2_camera_node.cpp.o[0m
[4.599s] [ 22%] [32mBuilding CXX object CMakeFiles/realsense2_camera.dir/src/parameters.cpp.o[0m
[4.599s] [ 22%] [32mBuilding CXX object CMakeFiles/realsense2_camera.dir/src/realsense_node_factory.cpp.o[0m
[4.599s] [ 27%] [32mBuilding CXX object CMakeFiles/realsense2_camera.dir/src/base_realsense_node.cpp.o[0m
[4.599s] [ 31%] [32mBuilding CXX object CMakeFiles/realsense2_camera.dir/src/rs_node_setup.cpp.o[0m
[4.602s] [ 36%] [32mBuilding CXX object CMakeFiles/realsense2_camera.dir/src/tfs.cpp.o[0m
[4.602s] [ 40%] [32mBuilding CXX object CMakeFiles/realsense2_camera.dir/src/ros_param_backend.cpp.o[0m
[4.603s] [ 45%] [32mBuilding CXX object CMakeFiles/realsense2_camera.dir/src/ros_sensor.cpp.o[0m
[4.603s] [ 50%] [32mBuilding CXX object CMakeFiles/realsense2_camera.dir/src/ros_utils.cpp.o[0m
[4.603s] [ 54%] [32mBuilding CXX object CMakeFiles/realsense2_camera.dir/src/dynamic_params.cpp.o[0m
[4.603s] [ 59%] [32mBuilding CXX object CMakeFiles/realsense2_camera.dir/src/sensor_params.cpp.o[0m
[4.603s] [ 63%] [32mBuilding CXX object CMakeFiles/realsense2_camera.dir/src/named_filter.cpp.o[0m
[4.604s] [ 72%] [32mBuilding CXX object CMakeFiles/realsense2_camera.dir/src/image_publisher.cpp.o[0m
[4.604s] [ 72%] [32mBuilding CXX object CMakeFiles/realsense2_camera.dir/src/profile_manager.cpp.o[0m
[4.964s] [ 77%] [32m[1mLinking CXX static library libgtest_main.a[0m
[4.989s] [ 77%] Built target gtest_main
[6.299s] [ 81%] [32m[1mLinking CXX executable realsense2_camera_node[0m
[6.404s] [ 81%] Built target realsense2_camera_node
[9.664s] [ 86%] [32m[1mLinking CXX static library libgtest.a[0m
[9.687s] [ 86%] Built target gtest
[9.693s] [35m[1mScanning dependencies of target gtest_template[0m
[9.702s] [ 90%] [32mBuilding CXX object CMakeFiles/gtest_template.dir/test/gtest_template.cpp.o[0m
[10.142s] [ 95%] [32m[1mLinking CXX executable gtest_template[0m
[10.192s] [ 95%] Built target gtest_template
[16.411s] [100%] [32m[1mLinking CXX shared library librealsense2_camera.so[0m
[16.746s] [100%] Built target realsense2_camera
[16.757s] Invoked command in '/home/evan/ros2realsense_ws/build/realsense2_camera' returned '0': AMENT_PREFIX_PATH=/home/evan/ros2realsense_ws/install/realsense2_camera_msgs:${AMENT_PREFIX_PATH} CMAKE_PREFIX_PATH=/home/evan/ros2realsense_ws/install/realsense2_camera_msgs:/opt/ros/foxy LD_LIBRARY_PATH=/home/evan/ros2realsense_ws/install/realsense2_camera_msgs/lib:${LD_LIBRARY_PATH} PYTHONPATH=/home/evan/ros2realsense_ws/install/realsense2_camera_msgs/lib/python3.8/site-packages:${PYTHONPATH} /usr/bin/cmake --build /home/evan/ros2realsense_ws/build/realsense2_camera -- -j24 -l24
[16.759s] Invoking command in '/home/evan/ros2realsense_ws/build/realsense2_camera': AMENT_PREFIX_PATH=/home/evan/ros2realsense_ws/install/realsense2_camera_msgs:${AMENT_PREFIX_PATH} CMAKE_PREFIX_PATH=/home/evan/ros2realsense_ws/install/realsense2_camera_msgs:/opt/ros/foxy LD_LIBRARY_PATH=/home/evan/ros2realsense_ws/install/realsense2_camera_msgs/lib:${LD_LIBRARY_PATH} PYTHONPATH=/home/evan/ros2realsense_ws/install/realsense2_camera_msgs/lib/python3.8/site-packages:${PYTHONPATH} /usr/bin/cmake --install /home/evan/ros2realsense_ws/build/realsense2_camera
[16.764s] -- Install configuration: "Release"
[16.764s] -- Installing: /home/evan/ros2realsense_ws/install/realsense2_camera/lib/realsense2_camera/realsense2_camera_node
[16.764s] -- Set runtime path of "/home/evan/ros2realsense_ws/install/realsense2_camera/lib/realsense2_camera/realsense2_camera_node" to ""
[16.764s] -- Installing: /home/evan/ros2realsense_ws/install/realsense2_camera/lib/librealsense2_camera.so
[16.766s] -- Set runtime path of "/home/evan/ros2realsense_ws/install/realsense2_camera/lib/librealsense2_camera.so" to ""
[16.766s] -- Installing: /home/evan/ros2realsense_ws/install/realsense2_camera/include
[16.766s] -- Installing: /home/evan/ros2realsense_ws/install/realsense2_camera/include/sensor_params.h
[16.766s] -- Installing: /home/evan/ros2realsense_ws/install/realsense2_camera/include/base_realsense_node.h
[16.767s] -- Installing: /home/evan/ros2realsense_ws/install/realsense2_camera/include/gl_window.h
[16.767s] -- Installing: /home/evan/ros2realsense_ws/install/realsense2_camera/include/image_publisher.h
[16.767s] -- Installing: /home/evan/ros2realsense_ws/install/realsense2_camera/include/constants.h
[16.767s] -- Installing: /home/evan/ros2realsense_ws/install/realsense2_camera/include/realsense_node_factory.h
[16.767s] -- Installing: /home/evan/ros2realsense_ws/install/realsense2_camera/include/named_filter.h
[16.767s] -- Installing: /home/evan/ros2realsense_ws/install/realsense2_camera/include/ros_param_backend.h
[16.767s] -- Installing: /home/evan/ros2realsense_ws/install/realsense2_camera/include/profile_manager.h
[16.767s] -- Installing: /home/evan/ros2realsense_ws/install/realsense2_camera/include/ros_sensor.h
[16.767s] -- Installing: /home/evan/ros2realsense_ws/install/realsense2_camera/include/ros_utils.h
[16.767s] -- Installing: /home/evan/ros2realsense_ws/install/realsense2_camera/include/dynamic_params.h
[16.767s] -- Installing: /home/evan/ros2realsense_ws/install/realsense2_camera/share/realsense2_camera/launch
[16.767s] -- Installing: /home/evan/ros2realsense_ws/install/realsense2_camera/share/realsense2_camera/launch/rs_multi_camera_launch.py
[16.767s] -- Installing: /home/evan/ros2realsense_ws/install/realsense2_camera/share/realsense2_camera/launch/rs_launch.py
[16.767s] -- Installing: /home/evan/ros2realsense_ws/install/realsense2_camera/share/realsense2_camera/launch/rs_intra_process_demo_launch.py
[16.768s] -- Installing: /home/evan/ros2realsense_ws/install/realsense2_camera/share/realsense2_camera/launch/default.rviz
[16.768s] -- Installing: /home/evan/ros2realsense_ws/install/realsense2_camera/share/realsense2_camera/examples
[16.768s] -- Installing: /home/evan/ros2realsense_ws/install/realsense2_camera/share/realsense2_camera/examples/dual_camera
[16.768s] -- Installing: /home/evan/ros2realsense_ws/install/realsense2_camera/share/realsense2_camera/examples/dual_camera/rviz
[16.768s] -- Installing: /home/evan/ros2realsense_ws/install/realsense2_camera/share/realsense2_camera/examples/dual_camera/rviz/dual_camera_pointcloud.rviz
[16.768s] -- Installing: /home/evan/ros2realsense_ws/install/realsense2_camera/share/realsense2_camera/examples/dual_camera/README.md
[16.768s] -- Installing: /home/evan/ros2realsense_ws/install/realsense2_camera/share/realsense2_camera/examples/dual_camera/rs_dual_camera_launch.py
[16.768s] -- Installing: /home/evan/ros2realsense_ws/install/realsense2_camera/share/realsense2_camera/examples/align_depth
[16.768s] -- Installing: /home/evan/ros2realsense_ws/install/realsense2_camera/share/realsense2_camera/examples/align_depth/README.md
[16.768s] -- Installing: /home/evan/ros2realsense_ws/install/realsense2_camera/share/realsense2_camera/examples/align_depth/rs_align_depth_launch.py
[16.768s] -- Installing: /home/evan/ros2realsense_ws/install/realsense2_camera/share/realsense2_camera/examples/launch_params_from_file
[16.768s] -- Installing: /home/evan/ros2realsense_ws/install/realsense2_camera/share/realsense2_camera/examples/launch_params_from_file/config
[16.768s] -- Installing: /home/evan/ros2realsense_ws/install/realsense2_camera/share/realsense2_camera/examples/launch_params_from_file/config/config.yaml
[16.769s] -- Installing: /home/evan/ros2realsense_ws/install/realsense2_camera/share/realsense2_camera/examples/launch_params_from_file/README.md
[16.769s] -- Installing: /home/evan/ros2realsense_ws/install/realsense2_camera/share/realsense2_camera/examples/launch_params_from_file/rs_launch_get_params_from_yaml.py
[16.769s] -- Installing: /home/evan/ros2realsense_ws/install/realsense2_camera/share/realsense2_camera/examples/launch_from_rosbag
[16.769s] -- Installing: /home/evan/ros2realsense_ws/install/realsense2_camera/share/realsense2_camera/examples/launch_from_rosbag/README.md
[16.769s] -- Installing: /home/evan/ros2realsense_ws/install/realsense2_camera/share/realsense2_camera/examples/launch_from_rosbag/rs_launch_from_rosbag.py
[16.770s] -- Installing: /home/evan/ros2realsense_ws/install/realsense2_camera/share/realsense2_camera/examples/pointcloud
[16.770s] -- Installing: /home/evan/ros2realsense_ws/install/realsense2_camera/share/realsense2_camera/examples/pointcloud/rs_pointcloud_launch.py
[16.770s] -- Installing: /home/evan/ros2realsense_ws/install/realsense2_camera/share/realsense2_camera/examples/pointcloud/rviz
[16.770s] -- Installing: /home/evan/ros2realsense_ws/install/realsense2_camera/share/realsense2_camera/examples/pointcloud/rviz/pointcloud.rviz
[16.770s] -- Installing: /home/evan/ros2realsense_ws/install/realsense2_camera/share/realsense2_camera/examples/pointcloud/rviz/urdf_pointcloud.rviz
[16.770s] -- Installing: /home/evan/ros2realsense_ws/install/realsense2_camera/share/realsense2_camera/examples/pointcloud/README.md
[16.770s] -- Installing: /home/evan/ros2realsense_ws/install/realsense2_camera/share/realsense2_camera/examples/pointcloud/rs_d405_pointcloud_launch.py
[16.770s] -- Installing: /home/evan/ros2realsense_ws/install/realsense2_camera/share/realsense2_camera/examples/pointcloud/rs_d455_pointcloud_launch.py
[16.771s] -- Installing: /home/evan/ros2realsense_ws/install/realsense2_camera/share/realsense2_camera/environment/library_path.sh
[16.771s] -- Installing: /home/evan/ros2realsense_ws/install/realsense2_camera/share/realsense2_camera/environment/library_path.dsv
[16.771s] -- Installing: /home/evan/ros2realsense_ws/install/realsense2_camera/share/ament_index/resource_index/package_run_dependencies/realsense2_camera
[16.771s] -- Installing: /home/evan/ros2realsense_ws/install/realsense2_camera/share/ament_index/resource_index/parent_prefix_path/realsense2_camera
[16.771s] -- Installing: /home/evan/ros2realsense_ws/install/realsense2_camera/share/realsense2_camera/environment/ament_prefix_path.sh
[16.771s] -- Installing: /home/evan/ros2realsense_ws/install/realsense2_camera/share/realsense2_camera/environment/ament_prefix_path.dsv
[16.771s] -- Installing: /home/evan/ros2realsense_ws/install/realsense2_camera/share/realsense2_camera/environment/path.sh
[16.772s] -- Installing: /home/evan/ros2realsense_ws/install/realsense2_camera/share/realsense2_camera/environment/path.dsv
[16.772s] -- Installing: /home/evan/ros2realsense_ws/install/realsense2_camera/share/realsense2_camera/local_setup.bash
[16.772s] -- Installing: /home/evan/ros2realsense_ws/install/realsense2_camera/share/realsense2_camera/local_setup.sh
[16.772s] -- Installing: /home/evan/ros2realsense_ws/install/realsense2_camera/share/realsense2_camera/local_setup.zsh
[16.773s] -- Installing: /home/evan/ros2realsense_ws/install/realsense2_camera/share/realsense2_camera/local_setup.dsv
[16.773s] -- Installing: /home/evan/ros2realsense_ws/install/realsense2_camera/share/realsense2_camera/package.dsv
[16.774s] -- Installing: /home/evan/ros2realsense_ws/install/realsense2_camera/share/ament_index/resource_index/packages/realsense2_camera
[16.774s] -- Installing: /home/evan/ros2realsense_ws/install/realsense2_camera/share/ament_index/resource_index/rclcpp_components/realsense2_camera
[16.774s] -- Installing: /home/evan/ros2realsense_ws/install/realsense2_camera/share/realsense2_camera/cmake/ament_cmake_export_include_directories-extras.cmake
[16.775s] -- Installing: /home/evan/ros2realsense_ws/install/realsense2_camera/share/realsense2_camera/cmake/ament_cmake_export_libraries-extras.cmake
[16.775s] -- Installing: /home/evan/ros2realsense_ws/install/realsense2_camera/share/realsense2_camera/cmake/ament_cmake_export_dependencies-extras.cmake
[16.776s] -- Installing: /home/evan/ros2realsense_ws/install/realsense2_camera/share/realsense2_camera/cmake/realsense2_cameraConfig.cmake
[16.776s] -- Installing: /home/evan/ros2realsense_ws/install/realsense2_camera/share/realsense2_camera/cmake/realsense2_cameraConfig-version.cmake
[16.777s] -- Installing: /home/evan/ros2realsense_ws/install/realsense2_camera/share/realsense2_camera/package.xml
[16.777s] Invoked command in '/home/evan/ros2realsense_ws/build/realsense2_camera' returned '0': AMENT_PREFIX_PATH=/home/evan/ros2realsense_ws/install/realsense2_camera_msgs:${AMENT_PREFIX_PATH} CMAKE_PREFIX_PATH=/home/evan/ros2realsense_ws/install/realsense2_camera_msgs:/opt/ros/foxy LD_LIBRARY_PATH=/home/evan/ros2realsense_ws/install/realsense2_camera_msgs/lib:${LD_LIBRARY_PATH} PYTHONPATH=/home/evan/ros2realsense_ws/install/realsense2_camera_msgs/lib/python3.8/site-packages:${PYTHONPATH} /usr/bin/cmake --install /home/evan/ros2realsense_ws/build/realsense2_camera
