[0.006s] Invoking command in '/home/evan/ros2realsense_ws/build/realsense2_camera_msgs': CMAKE_PREFIX_PATH=/opt/ros/foxy /usr/bin/cmake /home/evan/ros2realsense_ws/src/realsense-ros/realsense2_camera_msgs -DCMAKE_INSTALL_PREFIX=/home/evan/ros2realsense_ws/install/realsense2_camera_msgs
[0.147s] -- The C compiler identification is GNU 9.4.0
[0.251s] -- The CXX compiler identification is GNU 9.4.0
[0.257s] -- Check for working C compiler: /usr/bin/cc
[0.334s] -- Check for working C compiler: /usr/bin/cc -- works
[0.335s] -- Detecting C compiler ABI info
[0.407s] -- Detecting C compiler ABI info - done
[0.416s] -- Detecting C compile features
[0.416s] -- Detecting C compile features - done
[0.419s] -- Check for working CXX compiler: /usr/bin/c++
[0.488s] -- Check for working CXX compiler: /usr/bin/c++ -- works
[0.488s] -- Detecting CXX compiler ABI info
[0.551s] -- Detecting CXX compiler ABI info - done
[0.557s] -- Detecting CXX compile features
[0.558s] -- Detecting CXX compile features - done
[0.562s] -- Found ament_cmake: 0.9.12 (/opt/ros/foxy/share/ament_cmake/cmake)
[0.581s] -- Found PythonInterp: /usr/bin/python3 (found suitable version "3.8.10", minimum required is "3") 
[0.581s] -- Using PYTHON_EXECUTABLE: /usr/bin/python3
[0.685s] -- Found rosidl_default_generators: 1.0.1 (/opt/ros/foxy/share/rosidl_default_generators/cmake)
[0.688s] -- Using all available rosidl_typesupport_c: rosidl_typesupport_fastrtps_c;rosidl_typesupport_introspection_c
[0.694s] -- Found rosidl_adapter: 1.3.1 (/opt/ros/foxy/share/rosidl_adapter/cmake)
[0.765s] -- Found OpenSSL: /usr/lib/x86_64-linux-gnu/libcrypto.so (found version "1.1.1f")  
[0.782s] -- Found FastRTPS: /opt/ros/foxy/include  
[0.828s] -- Using all available rosidl_typesupport_cpp: rosidl_typesupport_fastrtps_cpp;rosidl_typesupport_introspection_cpp
[0.845s] -- Found builtin_interfaces: 1.0.0 (/opt/ros/foxy/share/builtin_interfaces/cmake)
[0.854s] -- Found std_msgs: 2.0.5 (/opt/ros/foxy/share/std_msgs/cmake)
[0.865s] -- Found sensor_msgs: 2.0.5 (/opt/ros/foxy/share/sensor_msgs/cmake)
[0.941s] -- Found PythonInterp: /usr/bin/python3 (found version "3.8.10") 
[1.057s] -- Found ament_cmake_cppcheck: 0.9.8 (/opt/ros/foxy/share/ament_cmake_cppcheck/cmake)
[1.059s] -- Found ament_cmake_cpplint: 0.9.8 (/opt/ros/foxy/share/ament_cmake_cpplint/cmake)
[1.060s] -- Found ament_cmake_uncrustify: 0.9.8 (/opt/ros/foxy/share/ament_cmake_uncrustify/cmake)
[1.062s] -- Found ament_cmake_ros: 0.9.2 (/opt/ros/foxy/share/ament_cmake_ros/cmake)
[1.217s] -- Using all available rosidl_typesupport_c: rosidl_typesupport_fastrtps_c;rosidl_typesupport_introspection_c
[1.294s] -- Using all available rosidl_typesupport_cpp: rosidl_typesupport_fastrtps_cpp;rosidl_typesupport_introspection_cpp
[1.309s] -- Found PythonInterp: /usr/bin/python3 (found suitable version "3.8.10", minimum required is "3.5") 
[1.310s] -- Found python_cmake_module: 0.8.1 (/opt/ros/foxy/share/python_cmake_module/cmake)
[1.326s] -- Found PythonLibs: /usr/lib/x86_64-linux-gnu/libpython3.8.so (found suitable version "3.8.10", minimum required is "3.5") 
[1.326s] -- Using PYTHON_EXECUTABLE: /usr/bin/python3
[1.326s] -- Using PYTHON_INCLUDE_DIRS: /usr/include/python3.8
[1.326s] -- Using PYTHON_LIBRARIES: /usr/lib/x86_64-linux-gnu/libpython3.8.so
[1.340s] -- Found PythonExtra: .so  
[1.390s] -- Found ament_cmake_flake8: 0.9.8 (/opt/ros/foxy/share/ament_cmake_flake8/cmake)
[1.391s] -- Found ament_cmake_pep257: 0.9.8 (/opt/ros/foxy/share/ament_cmake_pep257/cmake)
[1.398s] -- Configuring done
[1.440s] -- Generating done
[1.451s] -- Build files have been written to: /home/evan/ros2realsense_ws/build/realsense2_camera_msgs
[1.458s] Invoked command in '/home/evan/ros2realsense_ws/build/realsense2_camera_msgs' returned '0': CMAKE_PREFIX_PATH=/opt/ros/foxy /usr/bin/cmake /home/evan/ros2realsense_ws/src/realsense-ros/realsense2_camera_msgs -DCMAKE_INSTALL_PREFIX=/home/evan/ros2realsense_ws/install/realsense2_camera_msgs
[1.458s] Invoking command in '/home/evan/ros2realsense_ws/build/realsense2_camera_msgs': CMAKE_PREFIX_PATH=/opt/ros/foxy /usr/bin/cmake --build /home/evan/ros2realsense_ws/build/realsense2_camera_msgs -- -j24 -l24
[1.481s] [35m[1mScanning dependencies of target realsense2_camera_msgs__cpp[0m
[1.481s] [  1%] [34m[1mGenerating C code for ROS interfaces[0m
[1.487s] [  3%] [34m[1mGenerating C++ code for ROS interfaces[0m
[1.715s] [  3%] Built target realsense2_camera_msgs__cpp
[1.723s] [  6%] [34m[1mGenerating C++ type support for eProsima Fast-RTPS[0m
[1.723s] [  6%] [34m[1mGenerating C++ type support dispatch for ROS interfaces[0m
[1.723s] [  7%] [34m[1mGenerating C++ introspection for ROS interfaces[0m
[1.734s] [35m[1mScanning dependencies of target realsense2_camera_msgs__rosidl_generator_c[0m
[1.747s] [ 12%] [32mBuilding C object CMakeFiles/realsense2_camera_msgs__rosidl_generator_c.dir/rosidl_generator_c/realsense2_camera_msgs/msg/detail/metadata__functions.c.o[0m
[1.748s] [ 12%] [32mBuilding C object CMakeFiles/realsense2_camera_msgs__rosidl_generator_c.dir/rosidl_generator_c/realsense2_camera_msgs/msg/detail/extrinsics__functions.c.o[0m
[1.748s] [ 12%] [32mBuilding C object CMakeFiles/realsense2_camera_msgs__rosidl_generator_c.dir/rosidl_generator_c/realsense2_camera_msgs/msg/detail/imu_info__functions.c.o[0m
[1.748s] [ 14%] [32mBuilding C object CMakeFiles/realsense2_camera_msgs__rosidl_generator_c.dir/rosidl_generator_c/realsense2_camera_msgs/msg/detail/rgbd__functions.c.o[0m
[1.749s] [ 15%] [32mBuilding C object CMakeFiles/realsense2_camera_msgs__rosidl_generator_c.dir/rosidl_generator_c/realsense2_camera_msgs/srv/detail/device_info__functions.c.o[0m
[1.792s] [ 17%] [32m[1mLinking C shared library librealsense2_camera_msgs__rosidl_generator_c.so[0m
[1.823s] [ 17%] Built target realsense2_camera_msgs__rosidl_generator_c
[1.829s] [ 20%] [34m[1mGenerating C introspection for ROS interfaces[0m
[1.829s] [ 20%] [34m[1mGenerating C type support dispatch for ROS interfaces[0m
[1.908s] [35m[1mScanning dependencies of target realsense2_camera_msgs__rosidl_typesupport_cpp[0m
[1.919s] [ 25%] [32mBuilding CXX object CMakeFiles/realsense2_camera_msgs__rosidl_typesupport_cpp.dir/rosidl_typesupport_cpp/realsense2_camera_msgs/msg/extrinsics__type_support.cpp.o[0m
[1.919s] [ 25%] [32mBuilding CXX object CMakeFiles/realsense2_camera_msgs__rosidl_typesupport_cpp.dir/rosidl_typesupport_cpp/realsense2_camera_msgs/msg/metadata__type_support.cpp.o[0m
[1.919s] [ 25%] [32mBuilding CXX object CMakeFiles/realsense2_camera_msgs__rosidl_typesupport_cpp.dir/rosidl_typesupport_cpp/realsense2_camera_msgs/msg/imu_info__type_support.cpp.o[0m
[1.919s] [ 26%] [32mBuilding CXX object CMakeFiles/realsense2_camera_msgs__rosidl_typesupport_cpp.dir/rosidl_typesupport_cpp/realsense2_camera_msgs/msg/rgbd__type_support.cpp.o[0m
[1.922s] [ 28%] [32mBuilding CXX object CMakeFiles/realsense2_camera_msgs__rosidl_typesupport_cpp.dir/rosidl_typesupport_cpp/realsense2_camera_msgs/srv/device_info__type_support.cpp.o[0m
[1.935s] [35m[1mScanning dependencies of target realsense2_camera_msgs__rosidl_typesupport_introspection_cpp[0m
[1.947s] [ 30%] [32mBuilding CXX object CMakeFiles/realsense2_camera_msgs__rosidl_typesupport_introspection_cpp.dir/rosidl_typesupport_introspection_cpp/realsense2_camera_msgs/msg/detail/metadata__type_support.cpp.o[0m
[1.947s] [ 31%] [32mBuilding CXX object CMakeFiles/realsense2_camera_msgs__rosidl_typesupport_introspection_cpp.dir/rosidl_typesupport_introspection_cpp/realsense2_camera_msgs/msg/detail/extrinsics__type_support.cpp.o[0m
[1.947s] [ 33%] [32mBuilding CXX object CMakeFiles/realsense2_camera_msgs__rosidl_typesupport_introspection_cpp.dir/rosidl_typesupport_introspection_cpp/realsense2_camera_msgs/msg/detail/imu_info__type_support.cpp.o[0m
[1.948s] [ 34%] [32mBuilding CXX object CMakeFiles/realsense2_camera_msgs__rosidl_typesupport_introspection_cpp.dir/rosidl_typesupport_introspection_cpp/realsense2_camera_msgs/msg/detail/rgbd__type_support.cpp.o[0m
[1.951s] [ 36%] [32mBuilding CXX object CMakeFiles/realsense2_camera_msgs__rosidl_typesupport_introspection_cpp.dir/rosidl_typesupport_introspection_cpp/realsense2_camera_msgs/srv/detail/device_info__type_support.cpp.o[0m
[1.958s] [35m[1mScanning dependencies of target realsense2_camera_msgs__rosidl_typesupport_fastrtps_cpp[0m
[1.982s] [ 38%] [32mBuilding CXX object CMakeFiles/realsense2_camera_msgs__rosidl_typesupport_fastrtps_cpp.dir/rosidl_typesupport_fastrtps_cpp/realsense2_camera_msgs/msg/detail/dds_fastrtps/imu_info__type_support.cpp.o[0m
[1.984s] [ 41%] [32mBuilding CXX object CMakeFiles/realsense2_camera_msgs__rosidl_typesupport_fastrtps_cpp.dir/rosidl_typesupport_fastrtps_cpp/realsense2_camera_msgs/msg/detail/dds_fastrtps/extrinsics__type_support.cpp.o[0m
[1.984s] [ 41%] [32mBuilding CXX object CMakeFiles/realsense2_camera_msgs__rosidl_typesupport_fastrtps_cpp.dir/rosidl_typesupport_fastrtps_cpp/realsense2_camera_msgs/msg/detail/dds_fastrtps/metadata__type_support.cpp.o[0m
[1.984s] [ 42%] [32mBuilding CXX object CMakeFiles/realsense2_camera_msgs__rosidl_typesupport_fastrtps_cpp.dir/rosidl_typesupport_fastrtps_cpp/realsense2_camera_msgs/msg/detail/dds_fastrtps/rgbd__type_support.cpp.o[0m
[1.984s] [ 44%] [32mBuilding CXX object CMakeFiles/realsense2_camera_msgs__rosidl_typesupport_fastrtps_cpp.dir/rosidl_typesupport_fastrtps_cpp/realsense2_camera_msgs/srv/detail/dds_fastrtps/device_info__type_support.cpp.o[0m
[2.092s] [35m[1mScanning dependencies of target realsense2_camera_msgs__rosidl_typesupport_introspection_c[0m
[2.096s] [35m[1mScanning dependencies of target realsense2_camera_msgs__rosidl_typesupport_c[0m
[2.109s] [ 46%] [32mBuilding C object CMakeFiles/realsense2_camera_msgs__rosidl_typesupport_introspection_c.dir/rosidl_typesupport_introspection_c/realsense2_camera_msgs/msg/detail/extrinsics__type_support.c.o[0m
[2.109s] [ 47%] [32mBuilding C object CMakeFiles/realsense2_camera_msgs__rosidl_typesupport_introspection_c.dir/rosidl_typesupport_introspection_c/realsense2_camera_msgs/msg/detail/imu_info__type_support.c.o[0m
[2.109s] [ 50%] [32mBuilding C object CMakeFiles/realsense2_camera_msgs__rosidl_typesupport_introspection_c.dir/rosidl_typesupport_introspection_c/realsense2_camera_msgs/srv/detail/device_info__type_support.c.o[0m
[2.110s] [ 50%] [32mBuilding C object CMakeFiles/realsense2_camera_msgs__rosidl_typesupport_introspection_c.dir/rosidl_typesupport_introspection_c/realsense2_camera_msgs/msg/detail/rgbd__type_support.c.o[0m
[2.110s] [ 52%] [32mBuilding C object CMakeFiles/realsense2_camera_msgs__rosidl_typesupport_introspection_c.dir/rosidl_typesupport_introspection_c/realsense2_camera_msgs/msg/detail/metadata__type_support.c.o[0m
[2.112s] [ 57%] [32mBuilding CXX object CMakeFiles/realsense2_camera_msgs__rosidl_typesupport_c.dir/rosidl_typesupport_c/realsense2_camera_msgs/msg/imu_info__type_support.cpp.o[0m
[2.112s] [ 57%] [32mBuilding CXX object CMakeFiles/realsense2_camera_msgs__rosidl_typesupport_c.dir/rosidl_typesupport_c/realsense2_camera_msgs/msg/metadata__type_support.cpp.o[0m
[2.113s] [ 57%] [32mBuilding CXX object CMakeFiles/realsense2_camera_msgs__rosidl_typesupport_c.dir/rosidl_typesupport_c/realsense2_camera_msgs/msg/extrinsics__type_support.cpp.o[0m
[2.115s] [ 58%] [32mBuilding CXX object CMakeFiles/realsense2_camera_msgs__rosidl_typesupport_c.dir/rosidl_typesupport_c/realsense2_camera_msgs/msg/rgbd__type_support.cpp.o[0m
[2.134s] [ 60%] [32mBuilding CXX object CMakeFiles/realsense2_camera_msgs__rosidl_typesupport_c.dir/rosidl_typesupport_c/realsense2_camera_msgs/srv/device_info__type_support.cpp.o[0m
[2.151s] [ 61%] [32m[1mLinking C shared library librealsense2_camera_msgs__rosidl_typesupport_introspection_c.so[0m
[2.167s] [ 63%] [32m[1mLinking CXX shared library librealsense2_camera_msgs__rosidl_typesupport_c.so[0m
[2.175s] [ 63%] Built target realsense2_camera_msgs__rosidl_typesupport_introspection_c
[2.198s] [ 63%] Built target realsense2_camera_msgs__rosidl_typesupport_c
[2.242s] [ 65%] [32m[1mLinking CXX shared library librealsense2_camera_msgs__rosidl_typesupport_introspection_cpp.so[0m
[2.254s] [ 66%] [32m[1mLinking CXX shared library librealsense2_camera_msgs__rosidl_typesupport_cpp.so[0m
[2.279s] [ 66%] Built target realsense2_camera_msgs__rosidl_typesupport_cpp
[2.285s] [ 66%] Built target realsense2_camera_msgs__rosidl_typesupport_introspection_cpp
[2.437s] [ 68%] [32m[1mLinking CXX shared library librealsense2_camera_msgs__rosidl_typesupport_fastrtps_cpp.so[0m
[2.496s] [ 68%] Built target realsense2_camera_msgs__rosidl_typesupport_fastrtps_cpp
[2.502s] [ 69%] [34m[1mGenerating C type support for eProsima Fast-RTPS[0m
[2.710s] [35m[1mScanning dependencies of target realsense2_camera_msgs__rosidl_typesupport_fastrtps_c[0m
[2.722s] [ 71%] [32mBuilding CXX object CMakeFiles/realsense2_camera_msgs__rosidl_typesupport_fastrtps_c.dir/rosidl_typesupport_fastrtps_c/realsense2_camera_msgs/msg/detail/imu_info__type_support_c.cpp.o[0m
[2.722s] [ 73%] [32mBuilding CXX object CMakeFiles/realsense2_camera_msgs__rosidl_typesupport_fastrtps_c.dir/rosidl_typesupport_fastrtps_c/realsense2_camera_msgs/msg/detail/extrinsics__type_support_c.cpp.o[0m
[2.722s] [ 74%] [32mBuilding CXX object CMakeFiles/realsense2_camera_msgs__rosidl_typesupport_fastrtps_c.dir/rosidl_typesupport_fastrtps_c/realsense2_camera_msgs/msg/detail/metadata__type_support_c.cpp.o[0m
[2.723s] [ 76%] [32mBuilding CXX object CMakeFiles/realsense2_camera_msgs__rosidl_typesupport_fastrtps_c.dir/rosidl_typesupport_fastrtps_c/realsense2_camera_msgs/msg/detail/rgbd__type_support_c.cpp.o[0m
[2.724s] [ 77%] [32mBuilding CXX object CMakeFiles/realsense2_camera_msgs__rosidl_typesupport_fastrtps_c.dir/rosidl_typesupport_fastrtps_c/realsense2_camera_msgs/srv/detail/device_info__type_support_c.cpp.o[0m
[2.908s] [ 79%] [32m[1mLinking CXX shared library librealsense2_camera_msgs__rosidl_typesupport_fastrtps_c.so[0m
[2.956s] [ 79%] Built target realsense2_camera_msgs__rosidl_typesupport_fastrtps_c
[2.961s] [35m[1mScanning dependencies of target realsense2_camera_msgs[0m
[2.967s] [ 79%] Built target realsense2_camera_msgs
[2.972s] [35m[1mScanning dependencies of target realsense2_camera_msgs__py[0m
[2.978s] [ 80%] [34m[1mGenerating Python code for ROS interfaces[0m
[3.474s] [ 80%] Built target realsense2_camera_msgs__py
[3.479s] [35m[1mScanning dependencies of target realsense2_camera_msgs__python[0m
[3.504s] [ 82%] [32mBuilding C object CMakeFiles/realsense2_camera_msgs__python.dir/rosidl_generator_py/realsense2_camera_msgs/msg/_imu_info_s.c.o[0m
[3.504s] [ 84%] [32mBuilding C object CMakeFiles/realsense2_camera_msgs__python.dir/rosidl_generator_py/realsense2_camera_msgs/msg/_extrinsics_s.c.o[0m
[3.504s] [ 85%] [32mBuilding C object CMakeFiles/realsense2_camera_msgs__python.dir/rosidl_generator_py/realsense2_camera_msgs/msg/_metadata_s.c.o[0m
[3.505s] [ 87%] [32mBuilding C object CMakeFiles/realsense2_camera_msgs__python.dir/rosidl_generator_py/realsense2_camera_msgs/msg/_rgbd_s.c.o[0m
[3.505s] [ 88%] [32mBuilding C object CMakeFiles/realsense2_camera_msgs__python.dir/rosidl_generator_py/realsense2_camera_msgs/srv/_device_info_s.c.o[0m
[3.565s] [ 90%] [32m[1mLinking C shared library rosidl_generator_py/realsense2_camera_msgs/librealsense2_camera_msgs__python.so[0m
[3.592s] [ 90%] Built target realsense2_camera_msgs__python
[3.598s] [35m[1mScanning dependencies of target realsense2_camera_msgs__rosidl_typesupport_c__pyext[0m
[3.599s] [35m[1mScanning dependencies of target realsense2_camera_msgs__rosidl_typesupport_introspection_c__pyext[0m
[3.599s] [35m[1mScanning dependencies of target realsense2_camera_msgs__rosidl_typesupport_fastrtps_c__pyext[0m
[3.609s] [ 92%] [32mBuilding C object CMakeFiles/realsense2_camera_msgs__rosidl_typesupport_c__pyext.dir/rosidl_generator_py/realsense2_camera_msgs/_realsense2_camera_msgs_s.ep.rosidl_typesupport_c.c.o[0m
[3.609s] [ 93%] [32mBuilding C object CMakeFiles/realsense2_camera_msgs__rosidl_typesupport_introspection_c__pyext.dir/rosidl_generator_py/realsense2_camera_msgs/_realsense2_camera_msgs_s.ep.rosidl_typesupport_introspection_c.c.o[0m
[3.610s] [ 95%] [32mBuilding C object CMakeFiles/realsense2_camera_msgs__rosidl_typesupport_fastrtps_c__pyext.dir/rosidl_generator_py/realsense2_camera_msgs/_realsense2_camera_msgs_s.ep.rosidl_typesupport_fastrtps_c.c.o[0m
[3.660s] [100%] [32m[1mLinking CXX shared library rosidl_generator_py/realsense2_camera_msgs/realsense2_camera_msgs_s__rosidl_typesupport_fastrtps_c.cpython-38-x86_64-linux-gnu.so[0m
[3.660s] [100%] [32m[1mLinking C shared library rosidl_generator_py/realsense2_camera_msgs/realsense2_camera_msgs_s__rosidl_typesupport_introspection_c.cpython-38-x86_64-linux-gnu.so[0m
[3.660s] [100%] [32m[1mLinking C shared library rosidl_generator_py/realsense2_camera_msgs/realsense2_camera_msgs_s__rosidl_typesupport_c.cpython-38-x86_64-linux-gnu.so[0m
[3.682s] [100%] Built target realsense2_camera_msgs__rosidl_typesupport_introspection_c__pyext
[3.682s] [100%] Built target realsense2_camera_msgs__rosidl_typesupport_c__pyext
[3.697s] [100%] Built target realsense2_camera_msgs__rosidl_typesupport_fastrtps_c__pyext
[3.704s] Invoked command in '/home/evan/ros2realsense_ws/build/realsense2_camera_msgs' returned '0': CMAKE_PREFIX_PATH=/opt/ros/foxy /usr/bin/cmake --build /home/evan/ros2realsense_ws/build/realsense2_camera_msgs -- -j24 -l24
[3.713s] Invoking command in '/home/evan/ros2realsense_ws/build/realsense2_camera_msgs': CMAKE_PREFIX_PATH=/opt/ros/foxy /usr/bin/cmake --install /home/evan/ros2realsense_ws/build/realsense2_camera_msgs
[3.720s] -- Install configuration: ""
[3.720s] -- Installing: /home/evan/ros2realsense_ws/install/realsense2_camera_msgs/share/ament_index/resource_index/rosidl_interfaces/realsense2_camera_msgs
[3.721s] -- Installing: /home/evan/ros2realsense_ws/install/realsense2_camera_msgs/include/realsense2_camera_msgs
[3.721s] -- Installing: /home/evan/ros2realsense_ws/install/realsense2_camera_msgs/include/realsense2_camera_msgs/msg
[3.721s] -- Installing: /home/evan/ros2realsense_ws/install/realsense2_camera_msgs/include/realsense2_camera_msgs/msg/rosidl_generator_c__visibility_control.h
[3.721s] -- Installing: /home/evan/ros2realsense_ws/install/realsense2_camera_msgs/include/realsense2_camera_msgs/msg/metadata.h
[3.721s] -- Installing: /home/evan/ros2realsense_ws/install/realsense2_camera_msgs/include/realsense2_camera_msgs/msg/imu_info.h
[3.722s] -- Installing: /home/evan/ros2realsense_ws/install/realsense2_camera_msgs/include/realsense2_camera_msgs/msg/rgbd.h
[3.722s] -- Installing: /home/evan/ros2realsense_ws/install/realsense2_camera_msgs/include/realsense2_camera_msgs/msg/detail
[3.722s] -- Installing: /home/evan/ros2realsense_ws/install/realsense2_camera_msgs/include/realsense2_camera_msgs/msg/detail/extrinsics__functions.c
[3.722s] -- Installing: /home/evan/ros2realsense_ws/install/realsense2_camera_msgs/include/realsense2_camera_msgs/msg/detail/imu_info__struct.h
[3.722s] -- Installing: /home/evan/ros2realsense_ws/install/realsense2_camera_msgs/include/realsense2_camera_msgs/msg/detail/imu_info__functions.c
[3.722s] -- Installing: /home/evan/ros2realsense_ws/install/realsense2_camera_msgs/include/realsense2_camera_msgs/msg/detail/extrinsics__functions.h
[3.722s] -- Installing: /home/evan/ros2realsense_ws/install/realsense2_camera_msgs/include/realsense2_camera_msgs/msg/detail/imu_info__functions.h
[3.722s] -- Installing: /home/evan/ros2realsense_ws/install/realsense2_camera_msgs/include/realsense2_camera_msgs/msg/detail/rgbd__type_support.h
[3.723s] -- Installing: /home/evan/ros2realsense_ws/install/realsense2_camera_msgs/include/realsense2_camera_msgs/msg/detail/extrinsics__type_support.h
[3.723s] -- Installing: /home/evan/ros2realsense_ws/install/realsense2_camera_msgs/include/realsense2_camera_msgs/msg/detail/metadata__functions.h
[3.723s] -- Installing: /home/evan/ros2realsense_ws/install/realsense2_camera_msgs/include/realsense2_camera_msgs/msg/detail/rgbd__struct.h
[3.723s] -- Installing: /home/evan/ros2realsense_ws/install/realsense2_camera_msgs/include/realsense2_camera_msgs/msg/detail/rgbd__functions.h
[3.723s] -- Installing: /home/evan/ros2realsense_ws/install/realsense2_camera_msgs/include/realsense2_camera_msgs/msg/detail/metadata__functions.c
[3.723s] -- Installing: /home/evan/ros2realsense_ws/install/realsense2_camera_msgs/include/realsense2_camera_msgs/msg/detail/imu_info__type_support.h
[3.723s] -- Installing: /home/evan/ros2realsense_ws/install/realsense2_camera_msgs/include/realsense2_camera_msgs/msg/detail/extrinsics__struct.h
[3.723s] -- Installing: /home/evan/ros2realsense_ws/install/realsense2_camera_msgs/include/realsense2_camera_msgs/msg/detail/rgbd__functions.c
[3.724s] -- Installing: /home/evan/ros2realsense_ws/install/realsense2_camera_msgs/include/realsense2_camera_msgs/msg/detail/metadata__struct.h
[3.724s] -- Installing: /home/evan/ros2realsense_ws/install/realsense2_camera_msgs/include/realsense2_camera_msgs/msg/detail/metadata__type_support.h
[3.724s] -- Installing: /home/evan/ros2realsense_ws/install/realsense2_camera_msgs/include/realsense2_camera_msgs/msg/extrinsics.h
[3.724s] -- Installing: /home/evan/ros2realsense_ws/install/realsense2_camera_msgs/include/realsense2_camera_msgs/srv
[3.724s] -- Installing: /home/evan/ros2realsense_ws/install/realsense2_camera_msgs/include/realsense2_camera_msgs/srv/device_info.h
[3.724s] -- Installing: /home/evan/ros2realsense_ws/install/realsense2_camera_msgs/include/realsense2_camera_msgs/srv/detail
[3.724s] -- Installing: /home/evan/ros2realsense_ws/install/realsense2_camera_msgs/include/realsense2_camera_msgs/srv/detail/device_info__functions.h
[3.724s] -- Installing: /home/evan/ros2realsense_ws/install/realsense2_camera_msgs/include/realsense2_camera_msgs/srv/detail/device_info__struct.h
[3.724s] -- Installing: /home/evan/ros2realsense_ws/install/realsense2_camera_msgs/include/realsense2_camera_msgs/srv/detail/device_info__functions.c
[3.724s] -- Installing: /home/evan/ros2realsense_ws/install/realsense2_camera_msgs/include/realsense2_camera_msgs/srv/detail/device_info__type_support.h
[3.725s] -- Installing: /home/evan/ros2realsense_ws/install/realsense2_camera_msgs/share/realsense2_camera_msgs/environment/library_path.sh
[3.725s] -- Installing: /home/evan/ros2realsense_ws/install/realsense2_camera_msgs/share/realsense2_camera_msgs/environment/library_path.dsv
[3.725s] -- Installing: /home/evan/ros2realsense_ws/install/realsense2_camera_msgs/lib/librealsense2_camera_msgs__rosidl_generator_c.so
[3.725s] -- Set runtime path of "/home/evan/ros2realsense_ws/install/realsense2_camera_msgs/lib/librealsense2_camera_msgs__rosidl_generator_c.so" to ""
[3.725s] -- Up-to-date: /home/evan/ros2realsense_ws/install/realsense2_camera_msgs/include/realsense2_camera_msgs
[3.725s] -- Up-to-date: /home/evan/ros2realsense_ws/install/realsense2_camera_msgs/include/realsense2_camera_msgs/msg
[3.725s] -- Installing: /home/evan/ros2realsense_ws/install/realsense2_camera_msgs/include/realsense2_camera_msgs/msg/rosidl_typesupport_fastrtps_c__visibility_control.h
[3.725s] -- Up-to-date: /home/evan/ros2realsense_ws/install/realsense2_camera_msgs/include/realsense2_camera_msgs/msg/detail
[3.725s] -- Installing: /home/evan/ros2realsense_ws/install/realsense2_camera_msgs/include/realsense2_camera_msgs/msg/detail/extrinsics__rosidl_typesupport_fastrtps_c.h
[3.725s] -- Installing: /home/evan/ros2realsense_ws/install/realsense2_camera_msgs/include/realsense2_camera_msgs/msg/detail/metadata__rosidl_typesupport_fastrtps_c.h
[3.726s] -- Installing: /home/evan/ros2realsense_ws/install/realsense2_camera_msgs/include/realsense2_camera_msgs/msg/detail/imu_info__rosidl_typesupport_fastrtps_c.h
[3.726s] -- Installing: /home/evan/ros2realsense_ws/install/realsense2_camera_msgs/include/realsense2_camera_msgs/msg/detail/rgbd__rosidl_typesupport_fastrtps_c.h
[3.726s] -- Up-to-date: /home/evan/ros2realsense_ws/install/realsense2_camera_msgs/include/realsense2_camera_msgs/srv
[3.726s] -- Up-to-date: /home/evan/ros2realsense_ws/install/realsense2_camera_msgs/include/realsense2_camera_msgs/srv/detail
[3.726s] -- Installing: /home/evan/ros2realsense_ws/install/realsense2_camera_msgs/include/realsense2_camera_msgs/srv/detail/device_info__rosidl_typesupport_fastrtps_c.h
[3.726s] -- Installing: /home/evan/ros2realsense_ws/install/realsense2_camera_msgs/lib/librealsense2_camera_msgs__rosidl_typesupport_fastrtps_c.so
[3.726s] -- Set runtime path of "/home/evan/ros2realsense_ws/install/realsense2_camera_msgs/lib/librealsense2_camera_msgs__rosidl_typesupport_fastrtps_c.so" to ""
[3.726s] -- Up-to-date: /home/evan/ros2realsense_ws/install/realsense2_camera_msgs/include/realsense2_camera_msgs
[3.726s] -- Up-to-date: /home/evan/ros2realsense_ws/install/realsense2_camera_msgs/include/realsense2_camera_msgs/msg
[3.726s] -- Installing: /home/evan/ros2realsense_ws/install/realsense2_camera_msgs/include/realsense2_camera_msgs/msg/rosidl_typesupport_fastrtps_cpp__visibility_control.h
[3.726s] -- Up-to-date: /home/evan/ros2realsense_ws/install/realsense2_camera_msgs/include/realsense2_camera_msgs/msg/detail
[3.727s] -- Installing: /home/evan/ros2realsense_ws/install/realsense2_camera_msgs/include/realsense2_camera_msgs/msg/detail/dds_fastrtps
[3.727s] -- Installing: /home/evan/ros2realsense_ws/install/realsense2_camera_msgs/include/realsense2_camera_msgs/msg/detail/metadata__rosidl_typesupport_fastrtps_cpp.hpp
[3.727s] -- Installing: /home/evan/ros2realsense_ws/install/realsense2_camera_msgs/include/realsense2_camera_msgs/msg/detail/imu_info__rosidl_typesupport_fastrtps_cpp.hpp
[3.727s] -- Installing: /home/evan/ros2realsense_ws/install/realsense2_camera_msgs/include/realsense2_camera_msgs/msg/detail/rgbd__rosidl_typesupport_fastrtps_cpp.hpp
[3.727s] -- Installing: /home/evan/ros2realsense_ws/install/realsense2_camera_msgs/include/realsense2_camera_msgs/msg/detail/extrinsics__rosidl_typesupport_fastrtps_cpp.hpp
[3.727s] -- Up-to-date: /home/evan/ros2realsense_ws/install/realsense2_camera_msgs/include/realsense2_camera_msgs/srv
[3.727s] -- Up-to-date: /home/evan/ros2realsense_ws/install/realsense2_camera_msgs/include/realsense2_camera_msgs/srv/detail
[3.727s] -- Installing: /home/evan/ros2realsense_ws/install/realsense2_camera_msgs/include/realsense2_camera_msgs/srv/detail/dds_fastrtps
[3.727s] -- Installing: /home/evan/ros2realsense_ws/install/realsense2_camera_msgs/include/realsense2_camera_msgs/srv/detail/device_info__rosidl_typesupport_fastrtps_cpp.hpp
[3.727s] -- Installing: /home/evan/ros2realsense_ws/install/realsense2_camera_msgs/lib/librealsense2_camera_msgs__rosidl_typesupport_fastrtps_cpp.so
[3.727s] -- Set runtime path of "/home/evan/ros2realsense_ws/install/realsense2_camera_msgs/lib/librealsense2_camera_msgs__rosidl_typesupport_fastrtps_cpp.so" to ""
[3.727s] -- Up-to-date: /home/evan/ros2realsense_ws/install/realsense2_camera_msgs/include/realsense2_camera_msgs
[3.727s] -- Up-to-date: /home/evan/ros2realsense_ws/install/realsense2_camera_msgs/include/realsense2_camera_msgs/msg
[3.727s] -- Installing: /home/evan/ros2realsense_ws/install/realsense2_camera_msgs/include/realsense2_camera_msgs/msg/rosidl_typesupport_introspection_c__visibility_control.h
[3.727s] -- Up-to-date: /home/evan/ros2realsense_ws/install/realsense2_camera_msgs/include/realsense2_camera_msgs/msg/detail
[3.728s] -- Installing: /home/evan/ros2realsense_ws/install/realsense2_camera_msgs/include/realsense2_camera_msgs/msg/detail/rgbd__rosidl_typesupport_introspection_c.h
[3.728s] -- Installing: /home/evan/ros2realsense_ws/install/realsense2_camera_msgs/include/realsense2_camera_msgs/msg/detail/metadata__rosidl_typesupport_introspection_c.h
[3.728s] -- Installing: /home/evan/ros2realsense_ws/install/realsense2_camera_msgs/include/realsense2_camera_msgs/msg/detail/extrinsics__type_support.c
[3.728s] -- Installing: /home/evan/ros2realsense_ws/install/realsense2_camera_msgs/include/realsense2_camera_msgs/msg/detail/imu_info__rosidl_typesupport_introspection_c.h
[3.728s] -- Installing: /home/evan/ros2realsense_ws/install/realsense2_camera_msgs/include/realsense2_camera_msgs/msg/detail/imu_info__type_support.c
[3.728s] -- Installing: /home/evan/ros2realsense_ws/install/realsense2_camera_msgs/include/realsense2_camera_msgs/msg/detail/extrinsics__rosidl_typesupport_introspection_c.h
[3.728s] -- Installing: /home/evan/ros2realsense_ws/install/realsense2_camera_msgs/include/realsense2_camera_msgs/msg/detail/rgbd__type_support.c
[3.728s] -- Installing: /home/evan/ros2realsense_ws/install/realsense2_camera_msgs/include/realsense2_camera_msgs/msg/detail/metadata__type_support.c
[3.728s] -- Up-to-date: /home/evan/ros2realsense_ws/install/realsense2_camera_msgs/include/realsense2_camera_msgs/srv
[3.728s] -- Up-to-date: /home/evan/ros2realsense_ws/install/realsense2_camera_msgs/include/realsense2_camera_msgs/srv/detail
[3.728s] -- Installing: /home/evan/ros2realsense_ws/install/realsense2_camera_msgs/include/realsense2_camera_msgs/srv/detail/device_info__type_support.c
[3.728s] -- Installing: /home/evan/ros2realsense_ws/install/realsense2_camera_msgs/include/realsense2_camera_msgs/srv/detail/device_info__rosidl_typesupport_introspection_c.h
[3.728s] -- Installing: /home/evan/ros2realsense_ws/install/realsense2_camera_msgs/lib/librealsense2_camera_msgs__rosidl_typesupport_introspection_c.so
[3.728s] -- Set runtime path of "/home/evan/ros2realsense_ws/install/realsense2_camera_msgs/lib/librealsense2_camera_msgs__rosidl_typesupport_introspection_c.so" to ""
[3.728s] -- Installing: /home/evan/ros2realsense_ws/install/realsense2_camera_msgs/lib/librealsense2_camera_msgs__rosidl_typesupport_c.so
[3.728s] -- Set runtime path of "/home/evan/ros2realsense_ws/install/realsense2_camera_msgs/lib/librealsense2_camera_msgs__rosidl_typesupport_c.so" to ""
[3.728s] -- Up-to-date: /home/evan/ros2realsense_ws/install/realsense2_camera_msgs/include/realsense2_camera_msgs
[3.729s] -- Up-to-date: /home/evan/ros2realsense_ws/install/realsense2_camera_msgs/include/realsense2_camera_msgs/msg
[3.729s] -- Installing: /home/evan/ros2realsense_ws/install/realsense2_camera_msgs/include/realsense2_camera_msgs/msg/metadata.hpp
[3.729s] -- Installing: /home/evan/ros2realsense_ws/install/realsense2_camera_msgs/include/realsense2_camera_msgs/msg/extrinsics.hpp
[3.729s] -- Installing: /home/evan/ros2realsense_ws/install/realsense2_camera_msgs/include/realsense2_camera_msgs/msg/rgbd.hpp
[3.729s] -- Installing: /home/evan/ros2realsense_ws/install/realsense2_camera_msgs/include/realsense2_camera_msgs/msg/imu_info.hpp
[3.729s] -- Up-to-date: /home/evan/ros2realsense_ws/install/realsense2_camera_msgs/include/realsense2_camera_msgs/msg/detail
[3.729s] -- Installing: /home/evan/ros2realsense_ws/install/realsense2_camera_msgs/include/realsense2_camera_msgs/msg/detail/imu_info__traits.hpp
[3.729s] -- Installing: /home/evan/ros2realsense_ws/install/realsense2_camera_msgs/include/realsense2_camera_msgs/msg/detail/imu_info__struct.hpp
[3.729s] -- Installing: /home/evan/ros2realsense_ws/install/realsense2_camera_msgs/include/realsense2_camera_msgs/msg/detail/rgbd__type_support.hpp
[3.729s] -- Installing: /home/evan/ros2realsense_ws/install/realsense2_camera_msgs/include/realsense2_camera_msgs/msg/detail/imu_info__type_support.hpp
[3.729s] -- Installing: /home/evan/ros2realsense_ws/install/realsense2_camera_msgs/include/realsense2_camera_msgs/msg/detail/metadata__builder.hpp
[3.729s] -- Installing: /home/evan/ros2realsense_ws/install/realsense2_camera_msgs/include/realsense2_camera_msgs/msg/detail/metadata__traits.hpp
[3.729s] -- Installing: /home/evan/ros2realsense_ws/install/realsense2_camera_msgs/include/realsense2_camera_msgs/msg/detail/rgbd__builder.hpp
[3.729s] -- Installing: /home/evan/ros2realsense_ws/install/realsense2_camera_msgs/include/realsense2_camera_msgs/msg/detail/metadata__type_support.hpp
[3.729s] -- Installing: /home/evan/ros2realsense_ws/install/realsense2_camera_msgs/include/realsense2_camera_msgs/msg/detail/extrinsics__builder.hpp
[3.729s] -- Installing: /home/evan/ros2realsense_ws/install/realsense2_camera_msgs/include/realsense2_camera_msgs/msg/detail/metadata__struct.hpp
[3.730s] -- Installing: /home/evan/ros2realsense_ws/install/realsense2_camera_msgs/include/realsense2_camera_msgs/msg/detail/extrinsics__struct.hpp
[3.730s] -- Installing: /home/evan/ros2realsense_ws/install/realsense2_camera_msgs/include/realsense2_camera_msgs/msg/detail/rgbd__traits.hpp
[3.730s] -- Installing: /home/evan/ros2realsense_ws/install/realsense2_camera_msgs/include/realsense2_camera_msgs/msg/detail/imu_info__builder.hpp
[3.730s] -- Installing: /home/evan/ros2realsense_ws/install/realsense2_camera_msgs/include/realsense2_camera_msgs/msg/detail/extrinsics__traits.hpp
[3.730s] -- Installing: /home/evan/ros2realsense_ws/install/realsense2_camera_msgs/include/realsense2_camera_msgs/msg/detail/rgbd__struct.hpp
[3.730s] -- Installing: /home/evan/ros2realsense_ws/install/realsense2_camera_msgs/include/realsense2_camera_msgs/msg/detail/extrinsics__type_support.hpp
[3.730s] -- Installing: /home/evan/ros2realsense_ws/install/realsense2_camera_msgs/include/realsense2_camera_msgs/msg/rosidl_generator_cpp__visibility_control.hpp
[3.730s] -- Up-to-date: /home/evan/ros2realsense_ws/install/realsense2_camera_msgs/include/realsense2_camera_msgs/srv
[3.730s] -- Installing: /home/evan/ros2realsense_ws/install/realsense2_camera_msgs/include/realsense2_camera_msgs/srv/device_info.hpp
[3.730s] -- Up-to-date: /home/evan/ros2realsense_ws/install/realsense2_camera_msgs/include/realsense2_camera_msgs/srv/detail
[3.730s] -- Installing: /home/evan/ros2realsense_ws/install/realsense2_camera_msgs/include/realsense2_camera_msgs/srv/detail/device_info__builder.hpp
[3.730s] -- Installing: /home/evan/ros2realsense_ws/install/realsense2_camera_msgs/include/realsense2_camera_msgs/srv/detail/device_info__struct.hpp
[3.730s] -- Installing: /home/evan/ros2realsense_ws/install/realsense2_camera_msgs/include/realsense2_camera_msgs/srv/detail/device_info__type_support.hpp
[3.730s] -- Installing: /home/evan/ros2realsense_ws/install/realsense2_camera_msgs/include/realsense2_camera_msgs/srv/detail/device_info__traits.hpp
[3.730s] -- Up-to-date: /home/evan/ros2realsense_ws/install/realsense2_camera_msgs/include/realsense2_camera_msgs
[3.731s] -- Up-to-date: /home/evan/ros2realsense_ws/install/realsense2_camera_msgs/include/realsense2_camera_msgs/msg
[3.731s] -- Up-to-date: /home/evan/ros2realsense_ws/install/realsense2_camera_msgs/include/realsense2_camera_msgs/msg/detail
[3.731s] -- Installing: /home/evan/ros2realsense_ws/install/realsense2_camera_msgs/include/realsense2_camera_msgs/msg/detail/metadata__rosidl_typesupport_introspection_cpp.hpp
[3.731s] -- Installing: /home/evan/ros2realsense_ws/install/realsense2_camera_msgs/include/realsense2_camera_msgs/msg/detail/extrinsics__rosidl_typesupport_introspection_cpp.hpp
[3.731s] -- Installing: /home/evan/ros2realsense_ws/install/realsense2_camera_msgs/include/realsense2_camera_msgs/msg/detail/imu_info__type_support.cpp
[3.731s] -- Installing: /home/evan/ros2realsense_ws/install/realsense2_camera_msgs/include/realsense2_camera_msgs/msg/detail/rgbd__type_support.cpp
[3.731s] -- Installing: /home/evan/ros2realsense_ws/install/realsense2_camera_msgs/include/realsense2_camera_msgs/msg/detail/extrinsics__type_support.cpp
[3.731s] -- Installing: /home/evan/ros2realsense_ws/install/realsense2_camera_msgs/include/realsense2_camera_msgs/msg/detail/rgbd__rosidl_typesupport_introspection_cpp.hpp
[3.731s] -- Installing: /home/evan/ros2realsense_ws/install/realsense2_camera_msgs/include/realsense2_camera_msgs/msg/detail/metadata__type_support.cpp
[3.731s] -- Installing: /home/evan/ros2realsense_ws/install/realsense2_camera_msgs/include/realsense2_camera_msgs/msg/detail/imu_info__rosidl_typesupport_introspection_cpp.hpp
[3.731s] -- Up-to-date: /home/evan/ros2realsense_ws/install/realsense2_camera_msgs/include/realsense2_camera_msgs/srv
[3.731s] -- Up-to-date: /home/evan/ros2realsense_ws/install/realsense2_camera_msgs/include/realsense2_camera_msgs/srv/detail
[3.732s] -- Installing: /home/evan/ros2realsense_ws/install/realsense2_camera_msgs/include/realsense2_camera_msgs/srv/detail/device_info__rosidl_typesupport_introspection_cpp.hpp
[3.732s] -- Installing: /home/evan/ros2realsense_ws/install/realsense2_camera_msgs/include/realsense2_camera_msgs/srv/detail/device_info__type_support.cpp
[3.732s] -- Installing: /home/evan/ros2realsense_ws/install/realsense2_camera_msgs/lib/librealsense2_camera_msgs__rosidl_typesupport_introspection_cpp.so
[3.732s] -- Set runtime path of "/home/evan/ros2realsense_ws/install/realsense2_camera_msgs/lib/librealsense2_camera_msgs__rosidl_typesupport_introspection_cpp.so" to ""
[3.732s] -- Installing: /home/evan/ros2realsense_ws/install/realsense2_camera_msgs/lib/librealsense2_camera_msgs__rosidl_typesupport_cpp.so
[3.732s] -- Set runtime path of "/home/evan/ros2realsense_ws/install/realsense2_camera_msgs/lib/librealsense2_camera_msgs__rosidl_typesupport_cpp.so" to ""
[3.732s] -- Installing: /home/evan/ros2realsense_ws/install/realsense2_camera_msgs/share/realsense2_camera_msgs/environment/pythonpath.sh
[3.732s] -- Installing: /home/evan/ros2realsense_ws/install/realsense2_camera_msgs/share/realsense2_camera_msgs/environment/pythonpath.dsv
[3.732s] -- Installing: /home/evan/ros2realsense_ws/install/realsense2_camera_msgs/lib/python3.8/site-packages/realsense2_camera_msgs/__init__.py
[3.745s] Compiling '/home/evan/ros2realsense_ws/install/realsense2_camera_msgs/lib/python3.8/site-packages/realsense2_camera_msgs/__init__.py'...
[3.747s] -- Installing: /home/evan/ros2realsense_ws/install/realsense2_camera_msgs/lib/python3.8/site-packages/realsense2_camera_msgs/msg
[3.747s] -- Installing: /home/evan/ros2realsense_ws/install/realsense2_camera_msgs/lib/python3.8/site-packages/realsense2_camera_msgs/msg/_metadata_s.c
[3.747s] -- Installing: /home/evan/ros2realsense_ws/install/realsense2_camera_msgs/lib/python3.8/site-packages/realsense2_camera_msgs/msg/_imu_info_s.c
[3.747s] -- Installing: /home/evan/ros2realsense_ws/install/realsense2_camera_msgs/lib/python3.8/site-packages/realsense2_camera_msgs/msg/_extrinsics.py
[3.747s] -- Installing: /home/evan/ros2realsense_ws/install/realsense2_camera_msgs/lib/python3.8/site-packages/realsense2_camera_msgs/msg/_metadata.py
[3.747s] -- Installing: /home/evan/ros2realsense_ws/install/realsense2_camera_msgs/lib/python3.8/site-packages/realsense2_camera_msgs/msg/_rgbd_s.c
[3.747s] -- Installing: /home/evan/ros2realsense_ws/install/realsense2_camera_msgs/lib/python3.8/site-packages/realsense2_camera_msgs/msg/_imu_info.py
[3.748s] -- Installing: /home/evan/ros2realsense_ws/install/realsense2_camera_msgs/lib/python3.8/site-packages/realsense2_camera_msgs/msg/__init__.py
[3.748s] -- Installing: /home/evan/ros2realsense_ws/install/realsense2_camera_msgs/lib/python3.8/site-packages/realsense2_camera_msgs/msg/_extrinsics_s.c
[3.748s] -- Installing: /home/evan/ros2realsense_ws/install/realsense2_camera_msgs/lib/python3.8/site-packages/realsense2_camera_msgs/msg/_rgbd.py
[3.748s] -- Installing: /home/evan/ros2realsense_ws/install/realsense2_camera_msgs/lib/python3.8/site-packages/realsense2_camera_msgs/srv
[3.748s] -- Installing: /home/evan/ros2realsense_ws/install/realsense2_camera_msgs/lib/python3.8/site-packages/realsense2_camera_msgs/srv/_device_info_s.c
[3.748s] -- Installing: /home/evan/ros2realsense_ws/install/realsense2_camera_msgs/lib/python3.8/site-packages/realsense2_camera_msgs/srv/__init__.py
[3.748s] -- Installing: /home/evan/ros2realsense_ws/install/realsense2_camera_msgs/lib/python3.8/site-packages/realsense2_camera_msgs/srv/_device_info.py
[3.748s] -- Installing: /home/evan/ros2realsense_ws/install/realsense2_camera_msgs/lib/python3.8/site-packages/realsense2_camera_msgs/realsense2_camera_msgs_s__rosidl_typesupport_fastrtps_c.cpython-38-x86_64-linux-gnu.so
[3.748s] -- Set runtime path of "/home/evan/ros2realsense_ws/install/realsense2_camera_msgs/lib/python3.8/site-packages/realsense2_camera_msgs/realsense2_camera_msgs_s__rosidl_typesupport_fastrtps_c.cpython-38-x86_64-linux-gnu.so" to ""
[3.748s] -- Installing: /home/evan/ros2realsense_ws/install/realsense2_camera_msgs/lib/python3.8/site-packages/realsense2_camera_msgs/realsense2_camera_msgs_s__rosidl_typesupport_introspection_c.cpython-38-x86_64-linux-gnu.so
[3.748s] -- Set runtime path of "/home/evan/ros2realsense_ws/install/realsense2_camera_msgs/lib/python3.8/site-packages/realsense2_camera_msgs/realsense2_camera_msgs_s__rosidl_typesupport_introspection_c.cpython-38-x86_64-linux-gnu.so" to ""
[3.748s] -- Installing: /home/evan/ros2realsense_ws/install/realsense2_camera_msgs/lib/python3.8/site-packages/realsense2_camera_msgs/realsense2_camera_msgs_s__rosidl_typesupport_c.cpython-38-x86_64-linux-gnu.so
[3.748s] -- Set runtime path of "/home/evan/ros2realsense_ws/install/realsense2_camera_msgs/lib/python3.8/site-packages/realsense2_camera_msgs/realsense2_camera_msgs_s__rosidl_typesupport_c.cpython-38-x86_64-linux-gnu.so" to ""
[3.749s] -- Installing: /home/evan/ros2realsense_ws/install/realsense2_camera_msgs/lib/librealsense2_camera_msgs__python.so
[3.749s] -- Set runtime path of "/home/evan/ros2realsense_ws/install/realsense2_camera_msgs/lib/librealsense2_camera_msgs__python.so" to ""
[3.749s] -- Installing: /home/evan/ros2realsense_ws/install/realsense2_camera_msgs/share/realsense2_camera_msgs/msg/IMUInfo.idl
[3.749s] -- Installing: /home/evan/ros2realsense_ws/install/realsense2_camera_msgs/share/realsense2_camera_msgs/msg/Extrinsics.idl
[3.749s] -- Installing: /home/evan/ros2realsense_ws/install/realsense2_camera_msgs/share/realsense2_camera_msgs/msg/Metadata.idl
[3.749s] -- Installing: /home/evan/ros2realsense_ws/install/realsense2_camera_msgs/share/realsense2_camera_msgs/msg/RGBD.idl
[3.749s] -- Installing: /home/evan/ros2realsense_ws/install/realsense2_camera_msgs/share/realsense2_camera_msgs/srv/DeviceInfo.idl
[3.749s] -- Installing: /home/evan/ros2realsense_ws/install/realsense2_camera_msgs/share/realsense2_camera_msgs/msg/IMUInfo.msg
[3.749s] -- Installing: /home/evan/ros2realsense_ws/install/realsense2_camera_msgs/share/realsense2_camera_msgs/msg/Extrinsics.msg
[3.749s] -- Installing: /home/evan/ros2realsense_ws/install/realsense2_camera_msgs/share/realsense2_camera_msgs/msg/Metadata.msg
[3.749s] -- Installing: /home/evan/ros2realsense_ws/install/realsense2_camera_msgs/share/realsense2_camera_msgs/msg/RGBD.msg
[3.749s] -- Installing: /home/evan/ros2realsense_ws/install/realsense2_camera_msgs/share/realsense2_camera_msgs/srv/DeviceInfo.srv
[3.749s] -- Installing: /home/evan/ros2realsense_ws/install/realsense2_camera_msgs/share/realsense2_camera_msgs/srv/DeviceInfo_Request.msg
[3.750s] -- Installing: /home/evan/ros2realsense_ws/install/realsense2_camera_msgs/share/realsense2_camera_msgs/srv/DeviceInfo_Response.msg
[3.750s] -- Installing: /home/evan/ros2realsense_ws/install/realsense2_camera_msgs/share/ament_index/resource_index/package_run_dependencies/realsense2_camera_msgs
[3.750s] -- Installing: /home/evan/ros2realsense_ws/install/realsense2_camera_msgs/share/ament_index/resource_index/parent_prefix_path/realsense2_camera_msgs
[3.750s] -- Installing: /home/evan/ros2realsense_ws/install/realsense2_camera_msgs/share/realsense2_camera_msgs/environment/ament_prefix_path.sh
[3.750s] -- Installing: /home/evan/ros2realsense_ws/install/realsense2_camera_msgs/share/realsense2_camera_msgs/environment/ament_prefix_path.dsv
[3.750s] -- Installing: /home/evan/ros2realsense_ws/install/realsense2_camera_msgs/share/realsense2_camera_msgs/environment/path.sh
[3.750s] -- Installing: /home/evan/ros2realsense_ws/install/realsense2_camera_msgs/share/realsense2_camera_msgs/environment/path.dsv
[3.750s] -- Installing: /home/evan/ros2realsense_ws/install/realsense2_camera_msgs/share/realsense2_camera_msgs/local_setup.bash
[3.750s] -- Installing: /home/evan/ros2realsense_ws/install/realsense2_camera_msgs/share/realsense2_camera_msgs/local_setup.sh
[3.750s] -- Installing: /home/evan/ros2realsense_ws/install/realsense2_camera_msgs/share/realsense2_camera_msgs/local_setup.zsh
[3.750s] -- Installing: /home/evan/ros2realsense_ws/install/realsense2_camera_msgs/share/realsense2_camera_msgs/local_setup.dsv
[3.750s] -- Installing: /home/evan/ros2realsense_ws/install/realsense2_camera_msgs/share/realsense2_camera_msgs/package.dsv
[3.750s] -- Installing: /home/evan/ros2realsense_ws/install/realsense2_camera_msgs/share/ament_index/resource_index/packages/realsense2_camera_msgs
[3.751s] -- Installing: /home/evan/ros2realsense_ws/install/realsense2_camera_msgs/share/realsense2_camera_msgs/cmake/realsense2_camera_msgs__rosidl_generator_cExport.cmake
[3.751s] -- Installing: /home/evan/ros2realsense_ws/install/realsense2_camera_msgs/share/realsense2_camera_msgs/cmake/realsense2_camera_msgs__rosidl_generator_cExport-noconfig.cmake
[3.751s] -- Installing: /home/evan/ros2realsense_ws/install/realsense2_camera_msgs/share/realsense2_camera_msgs/cmake/realsense2_camera_msgs__rosidl_typesupport_introspection_cExport.cmake
[3.751s] -- Installing: /home/evan/ros2realsense_ws/install/realsense2_camera_msgs/share/realsense2_camera_msgs/cmake/realsense2_camera_msgs__rosidl_typesupport_introspection_cExport-noconfig.cmake
[3.751s] -- Installing: /home/evan/ros2realsense_ws/install/realsense2_camera_msgs/share/realsense2_camera_msgs/cmake/realsense2_camera_msgs__rosidl_typesupport_cExport.cmake
[3.751s] -- Installing: /home/evan/ros2realsense_ws/install/realsense2_camera_msgs/share/realsense2_camera_msgs/cmake/realsense2_camera_msgs__rosidl_typesupport_cExport-noconfig.cmake
[3.751s] -- Installing: /home/evan/ros2realsense_ws/install/realsense2_camera_msgs/share/realsense2_camera_msgs/cmake/realsense2_camera_msgs__rosidl_generator_cppExport.cmake
[3.751s] -- Installing: /home/evan/ros2realsense_ws/install/realsense2_camera_msgs/share/realsense2_camera_msgs/cmake/realsense2_camera_msgs__rosidl_typesupport_introspection_cppExport.cmake
[3.751s] -- Installing: /home/evan/ros2realsense_ws/install/realsense2_camera_msgs/share/realsense2_camera_msgs/cmake/realsense2_camera_msgs__rosidl_typesupport_introspection_cppExport-noconfig.cmake
[3.751s] -- Installing: /home/evan/ros2realsense_ws/install/realsense2_camera_msgs/share/realsense2_camera_msgs/cmake/realsense2_camera_msgs__rosidl_typesupport_cppExport.cmake
[3.751s] -- Installing: /home/evan/ros2realsense_ws/install/realsense2_camera_msgs/share/realsense2_camera_msgs/cmake/realsense2_camera_msgs__rosidl_typesupport_cppExport-noconfig.cmake
[3.751s] -- Installing: /home/evan/ros2realsense_ws/install/realsense2_camera_msgs/share/realsense2_camera_msgs/cmake/rosidl_cmake-extras.cmake
[3.751s] -- Installing: /home/evan/ros2realsense_ws/install/realsense2_camera_msgs/share/realsense2_camera_msgs/cmake/ament_cmake_export_dependencies-extras.cmake
[3.751s] -- Installing: /home/evan/ros2realsense_ws/install/realsense2_camera_msgs/share/realsense2_camera_msgs/cmake/ament_cmake_export_libraries-extras.cmake
[3.751s] -- Installing: /home/evan/ros2realsense_ws/install/realsense2_camera_msgs/share/realsense2_camera_msgs/cmake/ament_cmake_export_targets-extras.cmake
[3.752s] -- Installing: /home/evan/ros2realsense_ws/install/realsense2_camera_msgs/share/realsense2_camera_msgs/cmake/ament_cmake_export_include_directories-extras.cmake
[3.752s] -- Installing: /home/evan/ros2realsense_ws/install/realsense2_camera_msgs/share/realsense2_camera_msgs/cmake/rosidl_cmake_export_typesupport_libraries-extras.cmake
[3.752s] -- Installing: /home/evan/ros2realsense_ws/install/realsense2_camera_msgs/share/realsense2_camera_msgs/cmake/rosidl_cmake_export_typesupport_targets-extras.cmake
[3.752s] -- Installing: /home/evan/ros2realsense_ws/install/realsense2_camera_msgs/share/realsense2_camera_msgs/cmake/realsense2_camera_msgsConfig.cmake
[3.752s] -- Installing: /home/evan/ros2realsense_ws/install/realsense2_camera_msgs/share/realsense2_camera_msgs/cmake/realsense2_camera_msgsConfig-version.cmake
[3.752s] -- Installing: /home/evan/ros2realsense_ws/install/realsense2_camera_msgs/share/realsense2_camera_msgs/package.xml
[3.753s] Invoked command in '/home/evan/ros2realsense_ws/build/realsense2_camera_msgs' returned '0': CMAKE_PREFIX_PATH=/opt/ros/foxy /usr/bin/cmake --install /home/evan/ros2realsense_ws/build/realsense2_camera_msgs
